
[36m--- Running 1 early tests (pre-mm) ---[0m
[36m[early_test] Running: loongarch_early_smoke[0m

[36m[early_test] Passed: loongarch_early_smoke[0m

[36m--- Early tests finished ---[0m

[Boot] Hello, world!
[Boot] LoongArch CPU 0 is up!
Initializing heap: start=0x90000000003ec000, end=0x90000000023ec000, size=0x2000000 (32 MB)
Heap allocator initialized successfully
[MM] Created kernel space, root PPN: 0x23ec
[37m[INFO] [    37206444] [CPU0/T  0] [trap_init] tlbrent=0x2c3000, tlbr_paddr=0x2c3000[0m
[37m[INFO] [    38064173] [CPU0/T  0] [Device] devicetree of unknown is initialized[0m
[33m[WARNING] [    38318197] [CPU0/T  0] [Device] No timebase-frequency in DTB, keeping default[0m
[37m[INFO] [    38335302] [CPU0/T  0] [Device] now has 1 CPU(s)[0m
[37m[INFO] [    38344635] [CPU0/T  0] [Device] CLOCK_FREQ set to 12500000 Hz[0m
[37m[INFO] [    38403355] [CPU0/T  0] [Device] Memory Region: Start = 0x80000000, Size = 0xF0000000[0m
[37m[INFO] [    38534554] [CPU0/T  0] [Device] Found device: msi@2ff00000[0m
[37m[INFO] [    38807764] [CPU0/T  0] [Device] Loongson PCH MSI initialized from device tree node msi@2ff00000[0m
[37m[INFO] [    38831112] [CPU0/T  0] [Device] Found device: platic@10000000[0m
[37m[INFO] [    39004982] [CPU0/T  0] [Device] Loongson PCH PIC initialized from device tree node platic@10000000[0m
[37m[INFO] [    39027925] [CPU0/T  0] [Device] Found device: eiointc@1400[0m
[37m[INFO] [    39183380] [CPU0/T  0] [Device] Loongson EIOINTC initialized from device tree node eiointc@1400[0m
[37m[INFO] [    39203719] [CPU0/T  0] [Device] Found device: cpuic[0m
[37m[INFO] [    39224820] [CPU0/T  0] [Device] Found device: /[0m
[37m[INFO] [    39234357] [CPU0/T  0] [Device] Found device: platform-bus@16000000[0m
[37m[INFO] [    39247432] [CPU0/T  0] [Device] Found device: poweroff[0m
[37m[INFO] [    39256409] [CPU0/T  0] [Device] Found device: reboot[0m
[37m[INFO] [    39267522] [CPU0/T  0] [Device] Found device: ged@100e001c[0m
[37m[INFO] [    39282903] [CPU0/T  0] [Device] Found device: rtc@100d0100[0m
[37m[INFO] [    39294477] [CPU0/T  0] [Device] Found device: serial@1fe001e0[0m
[37m[INFO] [    39414576] [CPU0/T  0] [Device] Serial driver (uart16550) is initialized[0m
[37m[INFO] [    39430551] [CPU0/T  0] [Device] Found device: serial@1fe002e0[0m
[37m[INFO] [    39472178] [CPU0/T  0] [Device] Serial driver (uart16550) is initialized[0m
[37m[INFO] [    39485879] [CPU0/T  0] [Device] Found device: serial@1fe003e0[0m
[37m[INFO] [    39497266] [CPU0/T  0] [Device] Serial driver (uart16550) is initialized[0m
[37m[INFO] [    39510698] [CPU0/T  0] [Device] Found device: serial@1fe004e0[0m
[37m[INFO] [    39522595] [CPU0/T  0] [Device] Serial driver (uart16550) is initialized[0m
[37m[INFO] [    39536982] [CPU0/T  0] [Device] Found device: pcie@20000000[0m
[37m[INFO] [    39554814] [CPU0/T  0] [Device] Found device: flash@1c000000[0m
[37m[INFO] [    39649510] [CPU0/T  0] [Device] Found device: fw_cfg@1e020000[0m
[37m[INFO] [    39665318] [CPU0/T  0] [Device] Found device: cpu@0[0m
[37m[INFO] [    39868846] [CPU0/T  0] [PCIe] FDT ECAM base=0x20000000 size=0x8000000, MMIO base=0x40000000 size=0x40000000[0m
[37m[INFO] [   334282946] [CPU0/T  0] [Device] Block driver (virtio-blk-pci) is initialized[0m
[37m[INFO] [   334579693] [CPU0/T  0] [Device] Initializing network driver (virtio-net-pci)[0m
[37m[INFO] [   334608185] [CPU0/T  0] [Device] Find VirtioNetDevice with ID: 0[0m
[37m[INFO] [   335879636] [CPU0/T  0] [Device] VirtioNetDevice created with ID: 0[0m
[37m[INFO] [   336052323] [CPU0/T  0] [Device] Network interface eth0 initialized successfully[0m
[37m[INFO] [   336337248] [CPU0/T  0] [Device] Block driver (virtio-blk-pci) is initialized[0m
[37m[INFO] [   337169035] [CPU0/T  0] [Console] Switched to runtime console[0m
[37m[INFO] [   337199276] [CPU0/T  0] Initializing REALTIME clock...[0m
[37m[INFO] [   337233118] [CPU0/T  0] REALTIME clock initialized to TimeSpec { tv_sec: -4, tv_nsec: 627710130 } seconds since epoch.[0m
[Boot] time::init finished
[Boot] entering rest_init
[Boot] rest_init: creating init task
[Boot] rest_init: switching to init
[Init] entered init()
[37m[INFO] [   337587723] [CPU0/T  2] [trap_init] tlbrent=0x2c3000, tlbr_paddr=0x2c3000[0m
[Timer] Initializing timer
[Timer] Timer interrupt enabled
[37m[INFO] [   337629354] [CPU0/T  2] [Init] Enabling external IRQ (HWI0/ECFG.LIE[2])[0m
[37m[INFO] [   337812736] [CPU0/T  2] [Ext4] Initializing Ext4 filesystem from block device[0m
[37m[INFO] [   337853526] [CPU0/T  2] [Ext4] Using block device: virtio_block_pci[0m
[37m[INFO] [   337906208] [CPU0/T  2] [Ext4] Ext4 block size: 4096, Total blocks: 1048576, Image size: 4096 MB[0m
[37m[INFO] [   337927913] [CPU0/T  2] [Ext4] Opening Ext4 filesystem on block device[0m
[37m[INFO] [   337942879] [CPU0/T  2] [Ext4] Device block size: 4096, total blocks: 1048576[0m
[37m[INFO] [   337958558] [CPU0/T  2] [Ext4Adapter] Created adapter: ext4_block_size=4096, sector_size=512[0m
[Ext4DBG] read_offset: offset=0x400
[Ext4DBG] read_sector: id=2
[VirtIOBlkDBG] read_block(pci): begin id=2
[VirtIOBlkDBG] read_block(pci): end id=2 ok=true
[Ext4DBG] read_sector: id=3
[VirtIOBlkDBG] read_block(pci): begin id=3
[VirtIOBlkDBG] read_block(pci): end id=3 ok=true
[Ext4DBG] read_sector: id=4
[VirtIOBlkDBG] read_block(pci): begin id=4
[VirtIOBlkDBG] read_block(pci): end id=4 ok=true
[Ext4DBG] read_sector: id=5
[VirtIOBlkDBG] read_block(pci): begin id=5
[VirtIOBlkDBG] read_block(pci): end id=5 ok=true
[Ext4DBG] read_sector: id=6
[VirtIOBlkDBG] read_block(pci): begin id=6
[VirtIOBlkDBG] read_block(pci): end id=6 ok=true
[Ext4DBG] read_sector: id=7
[VirtIOBlkDBG] read_block(pci): begin id=7
[VirtIOBlkDBG] read_block(pci): end id=7 ok=true
[Ext4DBG] read_sector: id=8
[VirtIOBlkDBG] read_block(pci): begin id=8
[VirtIOBlkDBG] read_block(pci): end id=8 ok=true
[Ext4DBG] read_sector: id=9
[VirtIOBlkDBG] read_block(pci): begin id=9
[VirtIOBlkDBG] read_block(pci): end id=9 ok=true
[37m[INFO] [   338461033] [CPU0/T  2] [Ext4] Calling ext4_rs::Ext4::open...[0m
[Ext4DBG] read_offset: offset=0x400
[Ext4DBG] read_sector: id=2
[VirtIOBlkDBG] read_block(pci): begin id=2
[VirtIOBlkDBG] read_block(pci): end id=2 ok=true
[Ext4DBG] read_sector: id=3
[VirtIOBlkDBG] read_block(pci): begin id=3
[VirtIOBlkDBG] read_block(pci): end id=3 ok=true
[Ext4DBG] read_sector: id=4
[VirtIOBlkDBG] read_block(pci): begin id=4
[VirtIOBlkDBG] read_block(pci): end id=4 ok=true
[Ext4DBG] read_sector: id=5
[VirtIOBlkDBG] read_block(pci): begin id=5
[VirtIOBlkDBG] read_block(pci): end id=5 ok=true
[Ext4DBG] read_sector: id=6
[VirtIOBlkDBG] read_block(pci): begin id=6
[VirtIOBlkDBG] read_block(pci): end id=6 ok=true
[Ext4DBG] read_sector: id=7
[VirtIOBlkDBG] read_block(pci): begin id=7
[VirtIOBlkDBG] read_block(pci): end id=7 ok=true
[Ext4DBG] read_sector: id=8
[VirtIOBlkDBG] read_block(pci): begin id=8
[VirtIOBlkDBG] read_block(pci): end id=8 ok=true
[Ext4DBG] read_sector: id=9
[VirtIOBlkDBG] read_block(pci): begin id=9
[VirtIOBlkDBG] read_block(pci): end id=9 ok=true
[Ext4DBG] read_offset: offset=0x1000
[Ext4DBG] read_sector: id=8
[VirtIOBlkDBG] read_block(pci): begin id=8
[VirtIOBlkDBG] read_block(pci): end id=8 ok=true
[Ext4DBG] read_sector: id=9
[VirtIOBlkDBG] read_block(pci): begin id=9
[VirtIOBlkDBG] read_block(pci): end id=9 ok=true
[Ext4DBG] read_sector: id=10
[VirtIOBlkDBG] read_block(pci): begin id=10
[VirtIOBlkDBG] read_block(pci): end id=10 ok=true
[Ext4DBG] read_sector: id=11
[VirtIOBlkDBG] read_block(pci): begin id=11
[VirtIOBlkDBG] read_block(pci): end id=11 ok=true
[Ext4DBG] read_sector: id=12
[VirtIOBlkDBG] read_block(pci): begin id=12
[VirtIOBlkDBG] read_block(pci): end id=12 ok=true
[Ext4DBG] read_sector: id=13
[VirtIOBlkDBG] read_block(pci): begin id=13
[VirtIOBlkDBG] read_block(pci): end id=13 ok=true
[Ext4DBG] read_sector: id=14
[VirtIOBlkDBG] read_block(pci): begin id=14
[VirtIOBlkDBG] read_block(pci): end id=14 ok=true
[Ext4DBG] read_sector: id=15
[VirtIOBlkDBG] read_block(pci): begin id=15
[VirtIOBlkDBG] read_block(pci): end id=15 ok=true
[Ext4DBG] read_offset: offset=0x1000
[Ext4DBG] read_sector: id=8
[VirtIOBlkDBG] read_block(pci): begin id=8
[VirtIOBlkDBG] read_block(pci): end id=8 ok=true
[Ext4DBG] read_sector: id=9
[VirtIOBlkDBG] read_block(pci): begin id=9
[VirtIOBlkDBG] read_block(pci): end id=9 ok=true
[Ext4DBG] read_sector: id=10
[VirtIOBlkDBG] read_block(pci): begin id=10
[VirtIOBlkDBG] read_block(pci): end id=10 ok=true
[Ext4DBG] read_sector: id=11
[VirtIOBlkDBG] read_block(pci): begin id=11
[VirtIOBlkDBG] read_block(pci): end id=11 ok=true
[Ext4DBG] read_sector: id=12
[VirtIOBlkDBG] read_block(pci): begin id=12
[VirtIOBlkDBG] read_block(pci): end id=12 ok=true
[Ext4DBG] read_sector: id=13
[VirtIOBlkDBG] read_block(pci): begin id=13
[VirtIOBlkDBG] read_block(pci): end id=13 ok=true
[Ext4DBG] read_sector: id=14
[VirtIOBlkDBG] read_block(pci): begin id=14
[VirtIOBlkDBG] read_block(pci): end id=14 ok=true
[Ext4DBG] read_sector: id=15
[VirtIOBlkDBG] read_block(pci): begin id=15
[VirtIOBlkDBG] read_block(pci): end id=15 ok=true
[Ext4DBG] read_offset: offset=0x1000
[Ext4DBG] read_sector: id=8
[VirtIOBlkDBG] read_block(pci): begin id=8
[VirtIOBlkDBG] read_block(pci): end id=8 ok=true
[Ext4DBG] read_sector: id=9
[VirtIOBlkDBG] read_block(pci): begin id=9
[VirtIOBlkDBG] read_block(pci): end id=9 ok=true
[Ext4DBG] read_sector: id=10
[VirtIOBlkDBG] read_block(pci): begin id=10
[VirtIOBlkDBG] read_block(pci): end id=10 ok=true
[Ext4DBG] read_sector: id=11
[VirtIOBlkDBG] read_block(pci): begin id=11
[VirtIOBlkDBG] read_block(pci): end id=11 ok=true
[Ext4DBG] read_sector: id=12
[VirtIOBlkDBG] read_block(pci): begin id=12
[VirtIOBlkDBG] read_block(pci): end id=12 ok=true
[Ext4DBG] read_sector: id=13
[VirtIOBlkDBG] read_block(pci): begin id=13
[VirtIOBlkDBG] read_block(pci): end id=13 ok=true
[Ext4DBG] read_sector: id=14
[VirtIOBlkDBG] read_block(pci): begin id=14
[VirtIOBlkDBG] read_block(pci): end id=14 ok=true
[Ext4DBG] read_sector: id=15
[VirtIOBlkDBG] read_block(pci): begin id=15
[VirtIOBlkDBG] read_block(pci): end id=15 ok=true
[Ext4DBG] read_offset: offset=0x1000
[Ext4DBG] read_sector: id=8
[VirtIOBlkDBG] read_block(pci): begin id=8
[VirtIOBlkDBG] read_block(pci): end id=8 ok=true
[Ext4DBG] read_sector: id=9
[VirtIOBlkDBG] read_block(pci): begin id=9
[VirtIOBlkDBG] read_block(pci): end id=9 ok=true
[Ext4DBG] read_sector: id=10
[VirtIOBlkDBG] read_block(pci): begin id=10
[VirtIOBlkDBG] read_block(pci): end id=10 ok=true
[Ext4DBG] read_sector: id=11
[VirtIOBlkDBG] read_block(pci): begin id=11
[VirtIOBlkDBG] read_block(pci): end id=11 ok=true
[Ext4DBG] read_sector: id=12
[VirtIOBlkDBG] read_block(pci): begin id=12
[VirtIOBlkDBG] read_block(pci): end id=12 ok=true
[Ext4DBG] read_sector: id=13
[VirtIOBlkDBG] read_block(pci): begin id=13
[VirtIOBlkDBG] read_block(pci): end id=13 ok=true
[Ext4DBG] read_sector: id=14
[VirtIOBlkDBG] read_block(pci): begin id=14
[VirtIOBlkDBG] read_block(pci): end id=14 ok=true
[Ext4DBG] read_sector: id=15
[VirtIOBlkDBG] read_block(pci): begin id=15
[VirtIOBlkDBG] read_block(pci): end id=15 ok=true
[Ext4DBG] read_offset: offset=0x1000
[Ext4DBG] read_sector: id=8
[VirtIOBlkDBG] read_block(pci): begin id=8
[VirtIOBlkDBG] read_block(pci): end id=8 ok=true
[Ext4DBG] read_sector: id=9
[VirtIOBlkDBG] read_block(pci): begin id=9
[VirtIOBlkDBG] read_block(pci): end id=9 ok=true
[Ext4DBG] read_sector: id=10
[VirtIOBlkDBG] read_block(pci): begin id=10
[VirtIOBlkDBG] read_block(pci): end id=10 ok=true
[Ext4DBG] read_sector: id=11
[VirtIOBlkDBG] read_block(pci): begin id=11
[VirtIOBlkDBG] read_block(pci): end id=11 ok=true
[Ext4DBG] read_sector: id=12
[VirtIOBlkDBG] read_block(pci): begin id=12
[VirtIOBlkDBG] read_block(pci): end id=12 ok=true
[Ext4DBG] read_sector: id=13
[VirtIOBlkDBG] read_block(pci): begin id=13
[VirtIOBlkDBG] read_block(pci): end id=13 ok=true
[Ext4DBG] read_sector: id=14
[VirtIOBlkDBG] read_block(pci): begin id=14
[VirtIOBlkDBG] read_block(pci): end id=14 ok=true
[Ext4DBG] read_sector: id=15
[VirtIOBlkDBG] read_block(pci): begin id=15
[VirtIOBlkDBG] read_block(pci): end id=15 ok=true
[Ext4DBG] read_offset: offset=0x1000
[Ext4DBG] read_sector: id=8
[VirtIOBlkDBG] read_block(pci): begin id=8
[VirtIOBlkDBG] read_block(pci): end id=8 ok=true
[Ext4DBG] read_sector: id=9
[VirtIOBlkDBG] read_block(pci): begin id=9
[VirtIOBlkDBG] read_block(pci): end id=9 ok=true
[Ext4DBG] read_sector: id=10
[VirtIOBlkDBG] read_block(pci): begin id=10
[VirtIOBlkDBG] read_block(pci): end id=10 ok=true
[Ext4DBG] read_sector: id=11
[VirtIOBlkDBG] read_block(pci): begin id=11
[VirtIOBlkDBG] read_block(pci): end id=11 ok=true
[Ext4DBG] read_sector: id=12
[VirtIOBlkDBG] read_block(pci): begin id=12
[VirtIOBlkDBG] read_block(pci): end id=12 ok=true
[Ext4DBG] read_sector: id=13
[VirtIOBlkDBG] read_block(pci): begin id=13
[VirtIOBlkDBG] read_block(pci): end id=13 ok=true
[Ext4DBG] read_sector: id=14
[VirtIOBlkDBG] read_block(pci): begin id=14
[VirtIOBlkDBG] read_block(pci): end id=14 ok=true
[Ext4DBG] read_sector: id=15
[VirtIOBlkDBG] read_block(pci): begin id=15
[VirtIOBlkDBG] read_block(pci): end id=15 ok=true
[Ext4DBG] read_offset: offset=0x1000
[Ext4DBG] read_sector: id=8
[VirtIOBlkDBG] read_block(pci): begin id=8
[VirtIOBlkDBG] read_block(pci): end id=8 ok=true
[Ext4DBG] read_sector: id=9
[VirtIOBlkDBG] read_block(pci): begin id=9
[VirtIOBlkDBG] read_block(pci): end id=9 ok=true
[Ext4DBG] read_sector: id=10
[VirtIOBlkDBG] read_block(pci): begin id=10
[VirtIOBlkDBG] read_block(pci): end id=10 ok=true
[Ext4DBG] read_sector: id=11
[VirtIOBlkDBG] read_block(pci): begin id=11
[VirtIOBlkDBG] read_block(pci): end id=11 ok=true
[Ext4DBG] read_sector: id=12
[VirtIOBlkDBG] read_block(pci): begin id=12
[VirtIOBlkDBG] read_block(pci): end id=12 ok=true
[Ext4DBG] read_sector: id=13
[VirtIOBlkDBG] read_block(pci): begin id=13
[VirtIOBlkDBG] read_block(pci): end id=13 ok=true
[Ext4DBG] read_sector: id=14
[VirtIOBlkDBG] read_block(pci): begin id=14
[VirtIOBlkDBG] read_block(pci): end id=14 ok=true
[Ext4DBG] read_sector: id=15
[VirtIOBlkDBG] read_block(pci): begin id=15
[VirtIOBlkDBG] read_block(pci): end id=15 ok=true
[Ext4DBG] read_offset: offset=0x1000
[Ext4DBG] read_sector: id=8
[VirtIOBlkDBG] read_block(pci): begin id=8
[VirtIOBlkDBG] read_block(pci): end id=8 ok=true
[Ext4DBG] read_sector: id=9
[VirtIOBlkDBG] read_block(pci): begin id=9
[VirtIOBlkDBG] read_block(pci): end id=9 ok=true
[Ext4DBG] read_sector: id=10
[VirtIOBlkDBG] read_block(pci): begin id=10
[VirtIOBlkDBG] read_block(pci): end id=10 ok=true
[Ext4DBG] read_sector: id=11
[VirtIOBlkDBG] read_block(pci): begin id=11
[VirtIOBlkDBG] read_block(pci): end id=11 ok=true
[Ext4DBG] read_sector: id=12
[VirtIOBlkDBG] read_block(pci): begin id=12
[VirtIOBlkDBG] read_block(pci): end id=12 ok=true
[Ext4DBG] read_sector: id=13
[VirtIOBlkDBG] read_block(pci): begin id=13
[VirtIOBlkDBG] read_block(pci): end id=13 ok=true
[Ext4DBG] read_sector: id=14
[VirtIOBlkDBG] read_block(pci): begin id=14
[VirtIOBlkDBG] read_block(pci): end id=14 ok=true
[Ext4DBG] read_sector: id=15
[VirtIOBlkDBG] read_block(pci): begin id=15
[VirtIOBlkDBG] read_block(pci): end id=15 ok=true
[Ext4DBG] read_offset: offset=0x1000.